# JRE version: OpenJDK Runtime Environment (8.0_152-b06) (build 1.8.0_152-release-1136-b06)
# Java VM: OpenJDK 64-Bit Server VM (25.152-b06 mixed mode windows-amd64 compressed oops)
Heap:
 PSYoungGen      total 483840K, used 383177K [0x00000000e0000000, 0x0000000100000000, 0x0000000100000000)
  eden space 452608K, 83% used [0x00000000e0000000,0x00000000f71d78a0,0x00000000fba00000)
  from space 31232K, 14% used [0x00000000fd880000,0x00000000fdcdab60,0x00000000ff700000)
  to   space 31232K, 0% used [0x00000000fba00000,0x00000000fba00000,0x00000000fd880000)
 ParOldGen       total 183808K, used 62890K [0x00000000a0000000, 0x00000000ab380000, 0x00000000e0000000)
  object space 183808K, 34% used [0x00000000a0000000,0x00000000a3d6aa68,0x00000000ab380000)
 Metaspace       used 99027K, capacity 105118K, committed 107596K, reserved 1142784K
  class space    used 12324K, capacity 13397K, committed 13900K, reserved 1048576K
GC Heap History (10 events):
Event: 6015.950 GC heap before
{Heap before GC invocations=61 (full 4):
 PSYoungGen      total 447488K, used 446736K [0x00000000e0000000, 0x00000000feb80000, 0x0000000100000000)
  eden space 445440K, 99% used [0x00000000e0000000,0x00000000fb24ad48,0x00000000fb300000)
  from space 2048K, 98% used [0x00000000fe980000,0x00000000feb79628,0x00000000feb80000)
  to   space 19968K, 0% used [0x00000000fc480000,0x00000000fc480000,0x00000000fd800000)
 ParOldGen       total 140800K, used 80991K [0x00000000a0000000, 0x00000000a8980000, 0x00000000e0000000)
  object space 140800K, 57% used [0x00000000a0000000,0x00000000a4f17c48,0x00000000a8980000)
 Metaspace       used 99893K, capacity 106622K, committed 106700K, reserved 1142784K
  class space    used 12562K, capacity 13731K, committed 13772K, reserved 1048576K
Event: 6015.956 GC heap after
Heap after GC invocations=61 (full 4):
 PSYoungGen      total 435200K, used 7581K [0x00000000e0000000, 0x00000000fea00000, 0x0000000100000000)
  eden space 427520K, 0% used [0x00000000e0000000,0x00000000e0000000,0x00000000fa180000)
  from space 7680K, 98% used [0x00000000fc480000,0x00000000fcbe7560,0x00000000fcc00000)
  to   space 19968K, 0% used [0x00000000fd680000,0x00000000fd680000,0x00000000fea00000)
 ParOldGen       total 140800K, used 81023K [0x00000000a0000000, 0x00000000a8980000, 0x00000000e0000000)
  object space 140800K, 57% used [0x00000000a0000000,0x00000000a4f1fc48,0x00000000a8980000)
 Metaspace       used 99893K, capacity 106622K, committed 106700K, reserved 1142784K
  class space    used 12562K, capacity 13731K, committed 13772K, reserved 1048576K
}
Event: 6147.402 GC heap before
{Heap before GC invocations=62 (full 4):
 PSYoungGen      total 435200K, used 435101K [0x00000000e0000000, 0x00000000fea00000, 0x0000000100000000)
  eden space 427520K, 100% used [0x00000000e0000000,0x00000000fa180000,0x00000000fa180000)
  from space 7680K, 98% used [0x00000000fc480000,0x00000000fcbe7560,0x00000000fcc00000)
  to   space 19968K, 0% used [0x00000000fd680000,0x00000000fd680000,0x00000000fea00000)
 ParOldGen       total 140800K, used 81023K [0x00000000a0000000, 0x00000000a8980000, 0x00000000e0000000)
  object space 140800K, 57% used [0x00000000a0000000,0x00000000a4f1fc48,0x00000000a8980000)
 Metaspace       used 100331K, capacity 107136K, committed 107340K, reserved 1142784K
  class space    used 12605K, capacity 13810K, committed 13900K, reserved 1048576K
Event: 6147.490 GC heap after
Heap after GC invocations=62 (full 4):
 PSYoungGen      total 430080K, used 19938K [0x00000000e0000000, 0x00000000fea00000, 0x0000000100000000)
  eden space 410112K, 0% used [0x00000000e0000000,0x00000000e0000000,0x00000000f9080000)
  from space 19968K, 99% used [0x00000000fd680000,0x00000000fe9f88d0,0x00000000fea00000)
  to   space 25088K, 0% used [0x00000000fb900000,0x00000000fb900000,0x00000000fd180000)
 ParOldGen       total 140800K, used 87884K [0x00000000a0000000, 0x00000000a8980000, 0x00000000e0000000)
  object space 140800K, 62% used [0x00000000a0000000,0x00000000a55d3328,0x00000000a8980000)
 Metaspace       used 100331K, capacity 107136K, committed 107340K, reserved 1142784K
  class space    used 12605K, capacity 13810K, committed 13900K, reserved 1048576K
}
Event: 6149.730 GC heap before
{Heap before GC invocations=63 (full 4):
 PSYoungGen      total 430080K, used 430050K [0x00000000e0000000, 0x00000000fea00000, 0x0000000100000000)
  eden space 410112K, 100% used [0x00000000e0000000,0x00000000f9080000,0x00000000f9080000)
  from space 19968K, 99% used [0x00000000fd680000,0x00000000fe9f88d0,0x00000000fea00000)
  to   space 25088K, 0% used [0x00000000fb900000,0x00000000fb900000,0x00000000fd180000)
 ParOldGen       total 140800K, used 88047K [0x00000000a0000000, 0x00000000a8980000, 0x00000000e0000000)
  object space 140800K, 62% used [0x00000000a0000000,0x00000000a55fbfe0,0x00000000a8980000)
 Metaspace       used 100559K, capacity 107374K, committed 107596K, reserved 1142784K
  class space    used 12617K, capacity 13821K, committed 13900K, reserved 1048576K
Event: 6149.790 GC heap after
Heap after GC invocations=63 (full 4):
 PSYoungGen      total 476672K, used 25078K [0x00000000e0000000, 0x00000000ff700000, 0x0000000100000000)
  eden space 451584K, 0% used [0x00000000e0000000,0x00000000e0000000,0x00000000fb900000)
  from space 25088K, 99% used [0x00000000fb900000,0x00000000fd17db30,0x00000000fd180000)
  to   space 31232K, 0% used [0x00000000fd880000,0x00000000fd880000,0x00000000ff700000)
 ParOldGen       total 140800K, used 95418K [0x00000000a0000000, 0x00000000a8980000, 0x00000000e0000000)
  object space 140800K, 67% used [0x00000000a0000000,0x00000000a5d2ea98,0x00000000a8980000)
 Metaspace       used 100559K, capacity 107374K, committed 107596K, reserved 1142784K
  class space    used 12617K, capacity 13821K, committed 13900K, reserved 1048576K
}
Event: 6150.181 GC heap before
{Heap before GC invocations=64 (full 5):
 PSYoungGen      total 476672K, used 475834K [0x00000000e0000000, 0x00000000ff700000, 0x0000000100000000)
  eden space 451584K, 99% used [0x00000000e0000000,0x00000000fb830cf0,0x00000000fb900000)
  from space 25088K, 99% used [0x00000000fb900000,0x00000000fd17db30,0x00000000fd180000)
  to   space 31232K, 0% used [0x00000000fd880000,0x00000000fd880000,0x00000000ff700000)
 ParOldGen       total 160768K, used 159931K [0x00000000a0000000, 0x00000000a9d00000, 0x00000000e0000000)
  object space 160768K, 99% used [0x00000000a0000000,0x00000000a9c2ee88,0x00000000a9d00000)
 Metaspace       used 100565K, capacity 107374K, committed 107596K, reserved 1142784K
  class space    used 12617K, capacity 13821K, committed 13900K, reserved 1048576K
Event: 6160.089 GC heap after
Heap after GC invocations=64 (full 5):
 PSYoungGen      total 476672K, used 0K [0x00000000e0000000, 0x00000000ff700000, 0x0000000100000000)
  eden space 451584K, 0% used [0x00000000e0000000,0x00000000e0000000,0x00000000fb900000)
  from space 25088K, 0% used [0x00000000fb900000,0x00000000fb900000,0x00000000fd180000)
  to   space 31232K, 0% used [0x00000000fd880000,0x00000000fd880000,0x00000000ff700000)
 ParOldGen       total 183808K, used 62882K [0x00000000a0000000, 0x00000000ab380000, 0x00000000e0000000)
  object space 183808K, 34% used [0x00000000a0000000,0x00000000a3d68a68,0x00000000ab380000)
 Metaspace       used 98671K, capacity 104790K, committed 107596K, reserved 1142784K
  class space    used 12297K, capacity 13363K, committed 13900K, reserved 1048576K
}
Event: 6226.415 GC heap before
{Heap before GC invocations=65 (full 5):
 PSYoungGen      total 476672K, used 451584K [0x00000000e0000000, 0x00000000ff700000, 0x0000000100000000)
  eden space 451584K, 100% used [0x00000000e0000000,0x00000000fb900000,0x00000000fb900000)
  from space 25088K, 0% used [0x00000000fb900000,0x00000000fb900000,0x00000000fd180000)
  to   space 31232K, 0% used [0x00000000fd880000,0x00000000fd880000,0x00000000ff700000)
 ParOldGen       total 183808K, used 62882K [0x00000000a0000000, 0x00000000ab380000, 0x00000000e0000000)
  object space 183808K, 34% used [0x00000000a0000000,0x00000000a3d68a68,0x00000000ab380000)
 Metaspace       used 98734K, capacity 104816K, committed 107596K, reserved 1142784K
  class space    used 12302K, capacity 13366K, committed 13900K, reserved 1048576K
Event: 6226.421 GC heap after
Heap after GC invocations=65 (full 5):
 PSYoungGen      total 483840K, used 4458K [0x00000000e0000000, 0x0000000100000000, 0x0000000100000000)
  eden space 452608K, 0% used [0x00000000e0000000,0x00000000e0000000,0x00000000fba00000)
  from space 31232K, 14% used [0x00000000fd880000,0x00000000fdcdab60,0x00000000ff700000)
  to   space 31232K, 0% used [0x00000000fba00000,0x00000000fba00000,0x00000000fd880000)
 ParOldGen       total 183808K, used 62890K [0x00000000a0000000, 0x00000000ab380000, 0x00000000e0000000)
  object space 183808K, 34% used [0x00000000a0000000,0x00000000a3d6aa68,0x00000000ab380000)
 Metaspace       used 98734K, capacity 104816K, committed 107596K, reserved 1142784K
  class space    used 12302K, capacity 13366K, committed 13900K, reserved 1048576K
}

